{
  "RSpec": {
    "coverage": {
      "/Users/student/project/week_6/bookmark_manager/app.rb": [
        1,
        1,
        null,
        1,
        null,
        null,
        null,
        null,
        1,
        1,
        null,
        null,
        1,
        1,
        1,
        null,
        null,
        null,
        1,
        null,
        null
      ],
      "/Users/student/project/week_6/bookmark_manager/lib/bookmark.rb": [
        1,
        null,
        1,
        1,
        2,
        2,
        8,
        null,
        null,
        null,
        null,
        null,
        null,
        null,
        null
      ],
      "/Users/student/project/week_6/bookmark_manager/spec/bookmark_spec.rb": [
        1,
        null,
        1,
        null,
        1,
        1,
        1,
        null,
        null,
        null,
        1,
        1,
        1,
        null,
        null,
        null,
        null
      ],
      "/Users/student/project/week_6/bookmark_manager/spec/features/test_drive_spec.rb": [
        null,
        null,
        null,
        null,
        null,
        null
      ],
      "/Users/student/project/week_6/bookmark_manager/spec/features/viewing_bookmarks_spec.rb": [
        1,
        null,
        1,
        1,
        1,
        null,
        null,
        1,
        1,
        null,
        null,
        1,
        1,
        1,
        null,
        null,
        null
      ]
    },
    "timestamp": 1574948183
  }
}
