{
  "RSpec": {
    "coverage": {
      "/Users/student/project/week_6/bookmark_manager/app.rb": [
        1,
        null,
        1,
        null,
        1,
        0,
        null,
        null,
        1,
        null,
        0,
        null,
        null,
        null,
        null,
        0,
        null,
        null,
        null,
        1,
        null,
        null
      ],
      "/Users/student/project/week_6/bookmark_manager/spec/bookmark_spec.rb": [
        1,
        null,
        0,
        0,
        0,
        0,
        null,
        0,
        0,
        0,
        null,
        null,
        null
      ],
      "/Users/student/project/week_6/bookmark_manager/spec/features/test_drive_spec.rb": [
        1,
        1,
        0,
        0,
        null,
        null
      ],
      "/Users/student/project/week_6/bookmark_manager/spec/features/viewing_bookmarks_spec.rb": [
        1,
        1,
        0,
        0,
        0,
        0,
        null,
        null
      ]
    },
    "timestamp": 1574781755
  }
}
